Build started 2021-03-02 7:11:40 PM.
     1>Project "D:\Study\DEV\CUDA\Lab5\Lab5\Lab5.vcxproj" on node 2 (Build target(s)).
     1>AddCudaCompileDeps:
         C:\Program Files (x86)\Microsoft Visual Studio 12.0\VC\bin\x86_amd64\cl.exe /E /nologo /showIncludes /TP /D__CUDACC__ /DLAB_DEBUG /DWIN32 /DWIN64 /D_DEBUG /D_CONSOLE /D_MBCS /I"C:\Program Files\NVIDIA GPU Computing Toolkit\CUDA\v7.5\include" /I"C:\Program Files\NVIDIA GPU Computing Toolkit\CUDA\v7.5\bin" /I"C:\Program Files\NVIDIA GPU Computing Toolkit\CUDA\v7.5\include" /I. /FIcuda_runtime.h /c D:\Study\DEV\CUDA\Lab5\Lab5\kernel.cu 
       Link:
         Lab5.vcxproj -> D:\Study\DEV\CUDA\Lab5\Debug\Lab5.exe
       PostBuildEvent:
         echo copy "C:\Program Files\NVIDIA GPU Computing Toolkit\CUDA\v7.5\bin\cudart64*.dll" "D:\Study\DEV\CUDA\Lab5\Debug\"
         copy "C:\Program Files\NVIDIA GPU Computing Toolkit\CUDA\v7.5\bin\cudart64*.dll" "D:\Study\DEV\CUDA\Lab5\Debug\"
         
         echo copy "D:\Study\DEV\CUDA\Lab5\Lab5\\kernel.cu" "D:\Study\DEV\CUDA\Lab5\Debug\"
         copy "D:\Study\DEV\CUDA\Lab5\Lab5\\kernel.cu" "D:\Study\DEV\CUDA\Lab5\Debug\"
         :VCEnd
         copy "C:\Program Files\NVIDIA GPU Computing Toolkit\CUDA\v7.5\bin\cudart64*.dll" "D:\Study\DEV\CUDA\Lab5\Debug\"
         C:\Program Files\NVIDIA GPU Computing Toolkit\CUDA\v7.5\bin\cudart64_75.dll
                 1 file(s) copied.
         copy "D:\Study\DEV\CUDA\Lab5\Lab5\\kernel.cu" "D:\Study\DEV\CUDA\Lab5\Debug\"
                 1 file(s) copied.
     1>Done Building Project "D:\Study\DEV\CUDA\Lab5\Lab5\Lab5.vcxproj" (Build target(s)).

Build succeeded.

Time Elapsed 00:00:01.13
